<?xml version="1.0" encoding="UTF-8"?>
<testng-results skipped="0" failed="0" total="1" passed="1">
  <reporter-output>
  </reporter-output>
  <suite name="Default suite" duration-ms="1805" started-at="2017-09-25T06:46:09Z" finished-at="2017-09-25T06:46:10Z">
    <groups>
    </groups>
    <test name="Default test" duration-ms="1805" started-at="2017-09-25T06:46:09Z" finished-at="2017-09-25T06:46:10Z">
      <class name="test.LawCrawler">
        <test-method status="PASS" signature="init()[pri:0, instance:test.LawCrawler@34033bd0]" name="init" is-config="true" duration-ms="3765" started-at="2017-09-25T13:46:05Z" finished-at="2017-09-25T13:46:09Z">
          <reporter-output>
          </reporter-output>
        </test-method> <!-- init -->
        <test-method status="PASS" signature="generateQueryFromFiles()[pri:0, instance:test.LawCrawler@34033bd0]" name="generateQueryFromFiles" duration-ms="1763" started-at="2017-09-25T13:46:09Z" finished-at="2017-09-25T13:46:10Z">
          <reporter-output>
          </reporter-output>
        </test-method> <!-- generateQueryFromFiles -->
        <test-method status="PASS" signature="cleanup()[pri:0, instance:test.LawCrawler@34033bd0]" name="cleanup" is-config="true" duration-ms="165" started-at="2017-09-25T13:46:10Z" finished-at="2017-09-25T13:46:11Z">
          <reporter-output>
          </reporter-output>
        </test-method> <!-- cleanup -->
      </class> <!-- test.LawCrawler -->
    </test> <!-- Default test -->
  </suite> <!-- Default suite -->
</testng-results>
